1757401229.175238 client started (4050439): version 3.2a, socket /tmp/tmux-1000/default, protocol 8
1757401229.175304 on Linux 5.15.0-142-generic #152-Ubuntu SMP Mon May 19 10:54:31 UTC 2025
1757401229.175329 using libevent 2.1.12-stable (poll); ncurses 6.3
1757401229.175366 flags are 0x18010000
1757401229.175379 socket is /tmp/tmux-1000/default
1757401229.175407 trying connect
1757401229.175555 add peer 0x55bea685fef0: 6 ((nil))
1757401229.176051 sending message 100 to peer 0x55bea685fef0 (4 bytes)
1757401229.176078 sending message 111 to peer 0x55bea685fef0 (8 bytes)
1757401229.176086 sending message 101 to peer 0x55bea685fef0 (15 bytes)
1757401229.176092 sending message 109 to peer 0x55bea685fef0 (4 bytes)
1757401229.176098 sending message 102 to peer 0x55bea685fef0 (12 bytes)
1757401229.176121 sending message 108 to peer 0x55bea685fef0 (30 bytes)
1757401229.176128 sending message 112 to peer 0x55bea685fef0 (58 bytes)
1757401229.176135 sending message 112 to peer 0x55bea685fef0 (5 bytes)
1757401229.176142 sending message 112 to peer 0x55bea685fef0 (5 bytes)
1757401229.176149 sending message 112 to peer 0x55bea685fef0 (6 bytes)
1757401229.176157 sending message 112 to peer 0x55bea685fef0 (6 bytes)
1757401229.176164 sending message 112 to peer 0x55bea685fef0 (11 bytes)
1757401229.176171 sending message 112 to peer 0x55bea685fef0 (10 bytes)
1757401229.176177 sending message 112 to peer 0x55bea685fef0 (13 bytes)
1757401229.176184 sending message 112 to peer 0x55bea685fef0 (14 bytes)
1757401229.176191 sending message 112 to peer 0x55bea685fef0 (19 bytes)
1757401229.176198 sending message 112 to peer 0x55bea685fef0 (11 bytes)
1757401229.176204 sending message 112 to peer 0x55bea685fef0 (10 bytes)
1757401229.176211 sending message 112 to peer 0x55bea685fef0 (15 bytes)
1757401229.176221 sending message 112 to peer 0x55bea685fef0 (21 bytes)
1757401229.176229 sending message 112 to peer 0x55bea685fef0 (13 bytes)
1757401229.176235 sending message 112 to peer 0x55bea685fef0 (7 bytes)
1757401229.176242 sending message 112 to peer 0x55bea685fef0 (13 bytes)
1757401229.176249 sending message 112 to peer 0x55bea685fef0 (7 bytes)
1757401229.176256 sending message 112 to peer 0x55bea685fef0 (13 bytes)
1757401229.176262 sending message 112 to peer 0x55bea685fef0 (9 bytes)
1757401229.176269 sending message 112 to peer 0x55bea685fef0 (21 bytes)
1757401229.176276 sending message 112 to peer 0x55bea685fef0 (13 bytes)
1757401229.176283 sending message 112 to peer 0x55bea685fef0 (9 bytes)
1757401229.176290 sending message 112 to peer 0x55bea685fef0 (16 bytes)
1757401229.176297 sending message 112 to peer 0x55bea685fef0 (13 bytes)
1757401229.176303 sending message 112 to peer 0x55bea685fef0 (9 bytes)
1757401229.176309 sending message 112 to peer 0x55bea685fef0 (9 bytes)
1757401229.176316 sending message 112 to peer 0x55bea685fef0 (12 bytes)
1757401229.176322 sending message 112 to peer 0x55bea685fef0 (8 bytes)
1757401229.176329 sending message 112 to peer 0x55bea685fef0 (8 bytes)
1757401229.176336 sending message 112 to peer 0x55bea685fef0 (13 bytes)
1757401229.176343 sending message 112 to peer 0x55bea685fef0 (7 bytes)
1757401229.176350 sending message 112 to peer 0x55bea685fef0 (7 bytes)
1757401229.176357 sending message 112 to peer 0x55bea685fef0 (9 bytes)
1757401229.176363 sending message 112 to peer 0x55bea685fef0 (9 bytes)
1757401229.176370 sending message 112 to peer 0x55bea685fef0 (15 bytes)
1757401229.176377 sending message 112 to peer 0x55bea685fef0 (13 bytes)
1757401229.176383 sending message 112 to peer 0x55bea685fef0 (12 bytes)
1757401229.176390 sending message 112 to peer 0x55bea685fef0 (8 bytes)
1757401229.176396 sending message 112 to peer 0x55bea685fef0 (14 bytes)
1757401229.176403 sending message 112 to peer 0x55bea685fef0 (11 bytes)
1757401229.176409 sending message 112 to peer 0x55bea685fef0 (9 bytes)
1757401229.176416 sending message 112 to peer 0x55bea685fef0 (10 bytes)
1757401229.176423 sending message 112 to peer 0x55bea685fef0 (10 bytes)
1757401229.176430 sending message 112 to peer 0x55bea685fef0 (10 bytes)
1757401229.176437 sending message 112 to peer 0x55bea685fef0 (10 bytes)
1757401229.176456 sending message 112 to peer 0x55bea685fef0 (11 bytes)
1757401229.176463 sending message 112 to peer 0x55bea685fef0 (12 bytes)
1757401229.176471 sending message 112 to peer 0x55bea685fef0 (12 bytes)
1757401229.176477 sending message 112 to peer 0x55bea685fef0 (12 bytes)
1757401229.176484 sending message 112 to peer 0x55bea685fef0 (12 bytes)
1757401229.176491 sending message 112 to peer 0x55bea685fef0 (12 bytes)
1757401229.176497 sending message 112 to peer 0x55bea685fef0 (11 bytes)
1757401229.176504 sending message 112 to peer 0x55bea685fef0 (11 bytes)
1757401229.176510 sending message 112 to peer 0x55bea685fef0 (12 bytes)
1757401229.176517 sending message 112 to peer 0x55bea685fef0 (12 bytes)
1757401229.176524 sending message 112 to peer 0x55bea685fef0 (12 bytes)
1757401229.176530 sending message 112 to peer 0x55bea685fef0 (12 bytes)
1757401229.176537 sending message 112 to peer 0x55bea685fef0 (12 bytes)
1757401229.176560 sending message 112 to peer 0x55bea685fef0 (9 bytes)
1757401229.176568 sending message 112 to peer 0x55bea685fef0 (12 bytes)
1757401229.176575 sending message 112 to peer 0x55bea685fef0 (13 bytes)
1757401229.176581 sending message 112 to peer 0x55bea685fef0 (13 bytes)
1757401229.176588 sending message 112 to peer 0x55bea685fef0 (13 bytes)
1757401229.176595 sending message 112 to peer 0x55bea685fef0 (13 bytes)
1757401229.176601 sending message 112 to peer 0x55bea685fef0 (13 bytes)
1757401229.176608 sending message 112 to peer 0x55bea685fef0 (8 bytes)
1757401229.176615 sending message 112 to peer 0x55bea685fef0 (11 bytes)
1757401229.176623 sending message 112 to peer 0x55bea685fef0 (11 bytes)
1757401229.176629 sending message 112 to peer 0x55bea685fef0 (11 bytes)
1757401229.176636 sending message 112 to peer 0x55bea685fef0 (12 bytes)
1757401229.176642 sending message 112 to peer 0x55bea685fef0 (12 bytes)
1757401229.176649 sending message 112 to peer 0x55bea685fef0 (12 bytes)
1757401229.176656 sending message 112 to peer 0x55bea685fef0 (12 bytes)
1757401229.176663 sending message 112 to peer 0x55bea685fef0 (13 bytes)
1757401229.176669 sending message 112 to peer 0x55bea685fef0 (13 bytes)
1757401229.176676 sending message 112 to peer 0x55bea685fef0 (13 bytes)
1757401229.176684 sending message 112 to peer 0x55bea685fef0 (8 bytes)
1757401229.176691 sending message 112 to peer 0x55bea685fef0 (13 bytes)
1757401229.176697 sending message 112 to peer 0x55bea685fef0 (13 bytes)
1757401229.176704 sending message 112 to peer 0x55bea685fef0 (13 bytes)
1757401229.176711 sending message 112 to peer 0x55bea685fef0 (13 bytes)
1757401229.176717 sending message 112 to peer 0x55bea685fef0 (13 bytes)
1757401229.176724 sending message 112 to peer 0x55bea685fef0 (12 bytes)
1757401229.176731 sending message 112 to peer 0x55bea685fef0 (12 bytes)
1757401229.176738 sending message 112 to peer 0x55bea685fef0 (12 bytes)
1757401229.176745 sending message 112 to peer 0x55bea685fef0 (12 bytes)
1757401229.176752 sending message 112 to peer 0x55bea685fef0 (13 bytes)
1757401229.176759 sending message 112 to peer 0x55bea685fef0 (8 bytes)
1757401229.176765 sending message 112 to peer 0x55bea685fef0 (13 bytes)
1757401229.176772 sending message 112 to peer 0x55bea685fef0 (13 bytes)
1757401229.176779 sending message 112 to peer 0x55bea685fef0 (13 bytes)
1757401229.176786 sending message 112 to peer 0x55bea685fef0 (13 bytes)
1757401229.176792 sending message 112 to peer 0x55bea685fef0 (13 bytes)
1757401229.176799 sending message 112 to peer 0x55bea685fef0 (13 bytes)
1757401229.176806 sending message 112 to peer 0x55bea685fef0 (13 bytes)
1757401229.176812 sending message 112 to peer 0x55bea685fef0 (12 bytes)
1757401229.176819 sending message 112 to peer 0x55bea685fef0 (12 bytes)
1757401229.176826 sending message 112 to peer 0x55bea685fef0 (12 bytes)
1757401229.176833 sending message 112 to peer 0x55bea685fef0 (8 bytes)
1757401229.176840 sending message 112 to peer 0x55bea685fef0 (12 bytes)
1757401229.176846 sending message 112 to peer 0x55bea685fef0 (13 bytes)
1757401229.176854 sending message 112 to peer 0x55bea685fef0 (13 bytes)
1757401229.176867 sending message 112 to peer 0x55bea685fef0 (13 bytes)
1757401229.176874 sending message 112 to peer 0x55bea685fef0 (13 bytes)
1757401229.176880 sending message 112 to peer 0x55bea685fef0 (13 bytes)
1757401229.176887 sending message 112 to peer 0x55bea685fef0 (13 bytes)
1757401229.176895 sending message 112 to peer 0x55bea685fef0 (13 bytes)
1757401229.176902 sending message 112 to peer 0x55bea685fef0 (13 bytes)
1757401229.176908 sending message 112 to peer 0x55bea685fef0 (12 bytes)
1757401229.176916 sending message 112 to peer 0x55bea685fef0 (10 bytes)
1757401229.176922 sending message 112 to peer 0x55bea685fef0 (12 bytes)
1757401229.176929 sending message 112 to peer 0x55bea685fef0 (12 bytes)
1757401229.176936 sending message 112 to peer 0x55bea685fef0 (12 bytes)
1757401229.176942 sending message 112 to peer 0x55bea685fef0 (13 bytes)
1757401229.176948 sending message 112 to peer 0x55bea685fef0 (13 bytes)
1757401229.176955 sending message 112 to peer 0x55bea685fef0 (13 bytes)
1757401229.176962 sending message 112 to peer 0x55bea685fef0 (13 bytes)
1757401229.176969 sending message 112 to peer 0x55bea685fef0 (13 bytes)
1757401229.176976 sending message 112 to peer 0x55bea685fef0 (13 bytes)
1757401229.176982 sending message 112 to peer 0x55bea685fef0 (13 bytes)
1757401229.176989 sending message 112 to peer 0x55bea685fef0 (10 bytes)
1757401229.176996 sending message 112 to peer 0x55bea685fef0 (13 bytes)
1757401229.177002 sending message 112 to peer 0x55bea685fef0 (12 bytes)
1757401229.177009 sending message 112 to peer 0x55bea685fef0 (12 bytes)
1757401229.177015 sending message 112 to peer 0x55bea685fef0 (12 bytes)
1757401229.177022 sending message 112 to peer 0x55bea685fef0 (10 bytes)
1757401229.177029 sending message 112 to peer 0x55bea685fef0 (10 bytes)
1757401229.177036 sending message 112 to peer 0x55bea685fef0 (10 bytes)
1757401229.177042 sending message 112 to peer 0x55bea685fef0 (12 bytes)
1757401229.177049 sending message 112 to peer 0x55bea685fef0 (13 bytes)
1757401229.177056 sending message 112 to peer 0x55bea685fef0 (13 bytes)
1757401229.177062 sending message 112 to peer 0x55bea685fef0 (13 bytes)
1757401229.177069 sending message 112 to peer 0x55bea685fef0 (13 bytes)
1757401229.177075 sending message 112 to peer 0x55bea685fef0 (13 bytes)
1757401229.177082 sending message 112 to peer 0x55bea685fef0 (10 bytes)
1757401229.177089 sending message 112 to peer 0x55bea685fef0 (11 bytes)
1757401229.177096 sending message 112 to peer 0x55bea685fef0 (12 bytes)
1757401229.177103 sending message 112 to peer 0x55bea685fef0 (12 bytes)
1757401229.177110 sending message 112 to peer 0x55bea685fef0 (12 bytes)
1757401229.177116 sending message 112 to peer 0x55bea685fef0 (12 bytes)
1757401229.177123 sending message 112 to peer 0x55bea685fef0 (12 bytes)
1757401229.177129 sending message 112 to peer 0x55bea685fef0 (11 bytes)
1757401229.177136 sending message 112 to peer 0x55bea685fef0 (12 bytes)
1757401229.177142 sending message 112 to peer 0x55bea685fef0 (12 bytes)
1757401229.177149 sending message 112 to peer 0x55bea685fef0 (13 bytes)
1757401229.177157 sending message 112 to peer 0x55bea685fef0 (13 bytes)
1757401229.177164 sending message 112 to peer 0x55bea685fef0 (13 bytes)
1757401229.177171 sending message 112 to peer 0x55bea685fef0 (13 bytes)
1757401229.177178 sending message 112 to peer 0x55bea685fef0 (13 bytes)
1757401229.177185 sending message 112 to peer 0x55bea685fef0 (10 bytes)
1757401229.177192 sending message 112 to peer 0x55bea685fef0 (9 bytes)
1757401229.177198 sending message 112 to peer 0x55bea685fef0 (12 bytes)
1757401229.177205 sending message 112 to peer 0x55bea685fef0 (13 bytes)
1757401229.177213 sending message 112 to peer 0x55bea685fef0 (13 bytes)
1757401229.177220 sending message 112 to peer 0x55bea685fef0 (13 bytes)
1757401229.177226 sending message 112 to peer 0x55bea685fef0 (13 bytes)
1757401229.177233 sending message 112 to peer 0x55bea685fef0 (13 bytes)
1757401229.177239 sending message 112 to peer 0x55bea685fef0 (9 bytes)
1757401229.177246 sending message 112 to peer 0x55bea685fef0 (12 bytes)
1757401229.177258 sending message 112 to peer 0x55bea685fef0 (13 bytes)
1757401229.177266 sending message 112 to peer 0x55bea685fef0 (13 bytes)
1757401229.177272 sending message 112 to peer 0x55bea685fef0 (13 bytes)
1757401229.177281 sending message 112 to peer 0x55bea685fef0 (13 bytes)
1757401229.177289 sending message 112 to peer 0x55bea685fef0 (13 bytes)
1757401229.177306 sending message 112 to peer 0x55bea685fef0 (11 bytes)
1757401229.177318 sending message 112 to peer 0x55bea685fef0 (12 bytes)
1757401229.177327 sending message 112 to peer 0x55bea685fef0 (13 bytes)
1757401229.177335 sending message 112 to peer 0x55bea685fef0 (13 bytes)
1757401229.177344 sending message 112 to peer 0x55bea685fef0 (13 bytes)
1757401229.177351 sending message 112 to peer 0x55bea685fef0 (13 bytes)
1757401229.177358 sending message 112 to peer 0x55bea685fef0 (13 bytes)
1757401229.177364 sending message 112 to peer 0x55bea685fef0 (11 bytes)
1757401229.177370 sending message 112 to peer 0x55bea685fef0 (12 bytes)
1757401229.177376 sending message 112 to peer 0x55bea685fef0 (12 bytes)
1757401229.177385 sending message 112 to peer 0x55bea685fef0 (12 bytes)
1757401229.177393 sending message 112 to peer 0x55bea685fef0 (12 bytes)
1757401229.177400 sending message 112 to peer 0x55bea685fef0 (12 bytes)
1757401229.177407 sending message 112 to peer 0x55bea685fef0 (21 bytes)
1757401229.177413 sending message 112 to peer 0x55bea685fef0 (12 bytes)
1757401229.177419 sending message 112 to peer 0x55bea685fef0 (9 bytes)
1757401229.177430 sending message 112 to peer 0x55bea685fef0 (6 bytes)
1757401229.177437 sending message 112 to peer 0x55bea685fef0 (13 bytes)
1757401229.177446 sending message 112 to peer 0x55bea685fef0 (10 bytes)
1757401229.177454 sending message 112 to peer 0x55bea685fef0 (24 bytes)
1757401229.177462 sending message 112 to peer 0x55bea685fef0 (13 bytes)
1757401229.177471 sending message 112 to peer 0x55bea685fef0 (9 bytes)
1757401229.177479 sending message 112 to peer 0x55bea685fef0 (70 bytes)
1757401229.177489 sending message 112 to peer 0x55bea685fef0 (69 bytes)
1757401229.177499 sending message 112 to peer 0x55bea685fef0 (12 bytes)
1757401229.177507 sending message 112 to peer 0x55bea685fef0 (10 bytes)
1757401229.177521 sending message 112 to peer 0x55bea685fef0 (10 bytes)
1757401229.177530 sending message 112 to peer 0x55bea685fef0 (24 bytes)
1757401229.177540 sending message 112 to peer 0x55bea685fef0 (13 bytes)
1757401229.177548 sending message 112 to peer 0x55bea685fef0 (10 bytes)
1757401229.177557 sending message 112 to peer 0x55bea685fef0 (10 bytes)
1757401229.177570 sending message 112 to peer 0x55bea685fef0 (10 bytes)
1757401229.177586 sending message 112 to peer 0x55bea685fef0 (13 bytes)
1757401229.177597 sending message 112 to peer 0x55bea685fef0 (15 bytes)
1757401229.177604 sending message 112 to peer 0x55bea685fef0 (5 bytes)
1757401229.177612 sending message 104 to peer 0x55bea685fef0 (0 bytes)
1757401229.177621 sending message 110 to peer 0x55bea685fef0 (0 bytes)
1757401229.177630 sending message 107 to peer 0x55bea685fef0 (4 bytes)
1757401229.177638 sending message 105 to peer 0x55bea685fef0 (16 bytes)
1757401229.177646 sending message 105 to peer 0x55bea685fef0 (20 bytes)
1757401229.177653 sending message 105 to peer 0x55bea685fef0 (62 bytes)
1757401229.177661 sending message 105 to peer 0x55bea685fef0 (37 bytes)
1757401229.177668 sending message 105 to peer 0x55bea685fef0 (15 bytes)
1757401229.177674 sending message 105 to peer 0x55bea685fef0 (34 bytes)
1757401229.177685 sending message 105 to peer 0x55bea685fef0 (36 bytes)
1757401229.177693 sending message 105 to peer 0x55bea685fef0 (34 bytes)
1757401229.177702 sending message 105 to peer 0x55bea685fef0 (15 bytes)
1757401229.177710 sending message 105 to peer 0x55bea685fef0 (21 bytes)
1757401229.177732 sending message 105 to peer 0x55bea685fef0 (135 bytes)
1757401229.177741 sending message 105 to peer 0x55bea685fef0 (15 bytes)
1757401229.177749 sending message 105 to peer 0x55bea685fef0 (18 bytes)
1757401229.177758 sending message 105 to peer 0x55bea685fef0 (13 bytes)
1757401229.177774 sending message 105 to peer 0x55bea685fef0 (1519 bytes)
1757401229.177821 sending message 105 to peer 0x55bea685fef0 (32 bytes)
1757401229.177830 sending message 105 to peer 0x55bea685fef0 (149 bytes)
1757401229.177838 sending message 105 to peer 0x55bea685fef0 (52 bytes)
1757401229.177846 sending message 105 to peer 0x55bea685fef0 (26 bytes)
1757401229.177854 sending message 105 to peer 0x55bea685fef0 (31 bytes)
1757401229.177862 sending message 105 to peer 0x55bea685fef0 (34 bytes)
1757401229.177869 sending message 105 to peer 0x55bea685fef0 (23 bytes)
1757401229.177878 sending message 105 to peer 0x55bea685fef0 (20 bytes)
1757401229.177886 sending message 105 to peer 0x55bea685fef0 (32 bytes)
1757401229.177894 sending message 105 to peer 0x55bea685fef0 (12 bytes)
1757401229.177902 sending message 105 to peer 0x55bea685fef0 (64 bytes)
1757401229.177909 sending message 105 to peer 0x55bea685fef0 (8 bytes)
1757401229.177919 sending message 105 to peer 0x55bea685fef0 (14 bytes)
1757401229.177926 sending message 105 to peer 0x55bea685fef0 (20 bytes)
1757401229.177937 sending message 105 to peer 0x55bea685fef0 (31 bytes)
1757401229.177944 sending message 105 to peer 0x55bea685fef0 (53 bytes)
1757401229.177951 sending message 105 to peer 0x55bea685fef0 (33 bytes)
1757401229.177957 sending message 105 to peer 0x55bea685fef0 (166 bytes)
1757401229.177965 sending message 105 to peer 0x55bea685fef0 (65 bytes)
1757401229.177971 sending message 105 to peer 0x55bea685fef0 (137 bytes)
1757401229.177979 sending message 105 to peer 0x55bea685fef0 (313 bytes)
1757401229.177988 sending message 105 to peer 0x55bea685fef0 (54 bytes)
1757401229.177997 sending message 105 to peer 0x55bea685fef0 (47 bytes)
1757401229.178005 sending message 105 to peer 0x55bea685fef0 (53 bytes)
1757401229.178012 sending message 105 to peer 0x55bea685fef0 (20 bytes)
1757401229.178019 sending message 105 to peer 0x55bea685fef0 (88 bytes)
1757401229.178025 sending message 105 to peer 0x55bea685fef0 (16 bytes)
1757401229.178032 sending message 106 to peer 0x55bea685fef0 (0 bytes)
1757401229.178048 cmd_pack_argv: argv[0]=new-session
1757401229.178056 cmd_pack_argv: argv[1]=-s
1757401229.178062 cmd_pack_argv: argv[2]=debug
1757401229.178069 sending message 200 to peer 0x55bea685fef0 (25 bytes)
1757401229.178075 client loop enter
1757401229.178260 client loop exit
